<?xml version="1.0" encoding="UTF-8"?>
<testng-results skipped="0" failed="1" total="1" passed="0">
  <reporter-output>
  </reporter-output>
  <suite name="Default suite" duration-ms="30992" started-at="2018-12-19T10:39:35Z" finished-at="2018-12-19T10:40:06Z">
    <groups>
    </groups>
    <test name="Default test" duration-ms="30992" started-at="2018-12-19T10:39:35Z" finished-at="2018-12-19T10:40:06Z">
      <class name="org.testing.testScripts.classA">
        <test-method status="PASS" signature="init()[pri:0, instance:org.testing.testScripts.classA@3e6fa38a]" name="init" is-config="true" duration-ms="12688" started-at="2018-12-19T16:09:35Z" finished-at="2018-12-19T16:09:47Z">
          <reporter-output>
          </reporter-output>
        </test-method> <!-- init -->
        <test-method status="FAIL" signature="sing()[pri:0, instance:org.testing.testScripts.classA@3e6fa38a]" name="sing" duration-ms="7170" started-at="2018-12-19T16:09:47Z" finished-at="2018-12-19T16:09:55Z">
          <exception class="java.lang.AssertionError">
            <message>
              <![CDATA[expected [https://www.youtube.com] but found [https://accounts.google.com/signin/v2/sl/pwd?passive=true&service=youtube&uilel=3&hl=en&continue=https%3A%2F%2Fwww.youtube.com%2Fsignin%3Faction_handle_signin%3Dtrue%26app%3Ddesktop%26next%3D%252F%26hl%3Den&flowName=GlifWebSignIn&flowEntry=ServiceLogin&cid=1&navigationDirection=forward]]]>
            </message>
            <full-stacktrace>
              <![CDATA[java.lang.AssertionError: expected [https://www.youtube.com] but found [https://accounts.google.com/signin/v2/sl/pwd?passive=true&service=youtube&uilel=3&hl=en&continue=https%3A%2F%2Fwww.youtube.com%2Fsignin%3Faction_handle_signin%3Dtrue%26app%3Ddesktop%26next%3D%252F%26hl%3Den&flowName=GlifWebSignIn&flowEntry=ServiceLogin&cid=1&navigationDirection=forward]
	at org.testng.Assert.fail(Assert.java:94)
	at org.testng.Assert.failNotEquals(Assert.java:496)
	at org.testng.Assert.assertEquals(Assert.java:125)
	at org.testng.Assert.assertEquals(Assert.java:178)
	at org.testng.Assert.assertEquals(Assert.java:188)
	at org.testing.testScripts.classA.sing(classA.java:21)
	at sun.reflect.NativeMethodAccessorImpl.invoke0(Native Method)
	at sun.reflect.NativeMethodAccessorImpl.invoke(Unknown Source)
	at sun.reflect.DelegatingMethodAccessorImpl.invoke(Unknown Source)
	at java.lang.reflect.Method.invoke(Unknown Source)
	at org.testng.internal.MethodInvocationHelper.invokeMethod(MethodInvocationHelper.java:85)
	at org.testng.internal.Invoker.invokeMethod(Invoker.java:639)
	at org.testng.internal.Invoker.invokeTestMethod(Invoker.java:821)
	at org.testng.internal.Invoker.invokeTestMethods(Invoker.java:1131)
	at org.testng.internal.TestMethodWorker.invokeTestMethods(TestMethodWorker.java:124)
	at org.testng.internal.TestMethodWorker.run(TestMethodWorker.java:108)
	at org.testng.TestRunner.privateRun(TestRunner.java:773)
	at org.testng.TestRunner.run(TestRunner.java:623)
	at org.testng.SuiteRunner.runTest(SuiteRunner.java:357)
	at org.testng.SuiteRunner.runSequentially(SuiteRunner.java:352)
	at org.testng.SuiteRunner.privateRun(SuiteRunner.java:310)
	at org.testng.SuiteRunner.run(SuiteRunner.java:259)
	at org.testng.SuiteRunnerWorker.runSuite(SuiteRunnerWorker.java:52)
	at org.testng.SuiteRunnerWorker.run(SuiteRunnerWorker.java:86)
	at org.testng.TestNG.runSuitesSequentially(TestNG.java:1185)
	at org.testng.TestNG.runSuitesLocally(TestNG.java:1110)
	at org.testng.TestNG.run(TestNG.java:1018)
	at org.testng.remote.AbstractRemoteTestNG.run(AbstractRemoteTestNG.java:114)
	at org.testng.remote.RemoteTestNG.initAndRun(RemoteTestNG.java:251)
	at org.testng.remote.RemoteTestNG.main(RemoteTestNG.java:77)
]]>
            </full-stacktrace>
          </exception> <!-- java.lang.AssertionError -->
          <reporter-output>
          </reporter-output>
        </test-method> <!-- sing -->
        <test-method status="PASS" signature="end()[pri:0, instance:org.testing.testScripts.classA@3e6fa38a]" name="end" is-config="true" duration-ms="11111" started-at="2018-12-19T16:09:55Z" finished-at="2018-12-19T16:10:06Z">
          <reporter-output>
          </reporter-output>
        </test-method> <!-- end -->
      </class> <!-- org.testing.testScripts.classA -->
    </test> <!-- Default test -->
  </suite> <!-- Default suite -->
</testng-results>
